<?xml version="1.0" encoding="UTF-8" ?>
<testsuite failures="0" time="1.608" errors="0" skipped="0" tests="20" name="org.brackit.xquery.XMarkFnDocTest">
  <properties>
[...]
</properties>
  <testcase time="0.434" classname="org.brackit.xquery.XMarkFnDocTest" name="xmark01"/>
  <testcase time="0.127" classname="org.brackit.xquery.XMarkFnDocTest" name="xmark02"/>
  <testcase time="0.079" classname="org.brackit.xquery.XMarkFnDocTest" name="xmark03"/>
  <testcase time="0.094" classname="org.brackit.xquery.XMarkFnDocTest" name="xmark04"/>
  <testcase time="0.112" classname="org.brackit.xquery.XMarkFnDocTest" name="xmark05"/>
  <testcase time="0.043" classname="org.brackit.xquery.XMarkFnDocTest" name="xmark06"/>
  <testcase time="0.044" classname="org.brackit.xquery.XMarkFnDocTest" name="xmark07"/>
  <testcase time="0.05" classname="org.brackit.xquery.XMarkFnDocTest" name="xmark08"/>
  <testcase time="0.068" classname="org.brackit.xquery.XMarkFnDocTest" name="xmark09"/>
  <testcase time="0.206" classname="org.brackit.xquery.XMarkFnDocTest" name="xmark10"/>
  <testcase time="0.052" classname="org.brackit.xquery.XMarkFnDocTest" name="xmark11"/>
  <testcase time="0.04" classname="org.brackit.xquery.XMarkFnDocTest" name="xmark12"/>
  <testcase time="0.026" classname="org.brackit.xquery.XMarkFnDocTest" name="xmark13"/>
  <testcase time="0.035" classname="org.brackit.xquery.XMarkFnDocTest" name="xmark14"/>
  <testcase time="0.025" classname="org.brackit.xquery.XMarkFnDocTest" name="xmark15"/>
  <testcase time="0.024" classname="org.brackit.xquery.XMarkFnDocTest" name="xmark16"/>
  <testcase time="0.029" classname="org.brackit.xquery.XMarkFnDocTest" name="xmark17"/>
  <testcase time="0.029" classname="org.brackit.xquery.XMarkFnDocTest" name="xmark18"/>
  <testcase time="0.041" classname="org.brackit.xquery.XMarkFnDocTest" name="xmark19"/>
  <testcase time="0.033" classname="org.brackit.xquery.XMarkFnDocTest" name="xmark20"/>
</testsuite>