<?xml version="1.0" encoding="UTF-8" ?>
<testsuite failures="0" time="0.043" errors="0" skipped="0" tests="23" name="org.brackit.xquery.expr.FLWORTest">
  <properties>
[...]
</properties>
  <testcase time="0" classname="org.brackit.xquery.expr.FLWORTest" name="forExpr"/>
  <testcase time="0.002" classname="org.brackit.xquery.expr.FLWORTest" name="forWithTwoBindingExprs"/>
  <testcase time="0.001" classname="org.brackit.xquery.expr.FLWORTest" name="twoForExprs"/>
  <testcase time="0.001" classname="org.brackit.xquery.expr.FLWORTest" name="forExprWithRunVariable"/>
  <testcase time="0.003" classname="org.brackit.xquery.expr.FLWORTest" name="forExprWithWhereClause"/>
  <testcase time="0.001" classname="org.brackit.xquery.expr.FLWORTest" name="forExprWithTwoWhereClauses"/>
  <testcase time="0.004" classname="org.brackit.xquery.expr.FLWORTest" name="forExprWithOrderByClause"/>
  <testcase time="0.001" classname="org.brackit.xquery.expr.FLWORTest" name="forExprOneLetBinding"/>
  <testcase time="0.001" classname="org.brackit.xquery.expr.FLWORTest" name="forExprTwoLetBindings"/>
  <testcase time="0.001" classname="org.brackit.xquery.expr.FLWORTest" name="forExprThreeLetBindingsOneLetUnused"/>
  <testcase time="0.002" classname="org.brackit.xquery.expr.FLWORTest" name="forExprTwoLetBindingsWithWhereClause"/>
  <testcase time="0.002" classname="org.brackit.xquery.expr.FLWORTest" name="forExprTwoLetBindingsWithOrderByRunVar"/>
  <testcase time="0.002" classname="org.brackit.xquery.expr.FLWORTest" name="forExprTwoLetBindingsWithOrderByLetVarAndRunVar"/>
  <testcase time="0.001" classname="org.brackit.xquery.expr.FLWORTest" name="letExpr"/>
  <testcase time="0.001" classname="org.brackit.xquery.expr.FLWORTest" name="letExprVarUnused"/>
  <testcase time="0.002" classname="org.brackit.xquery.expr.FLWORTest" name="letExprWithWhereClause"/>
  <testcase time="0.002" classname="org.brackit.xquery.expr.FLWORTest" name="nestedFor"/>
  <testcase time="0.003" classname="org.brackit.xquery.expr.FLWORTest" name="variableShadowingWithNormalize"/>
  <testcase time="0.001" classname="org.brackit.xquery.expr.FLWORTest" name="nestedForWithAnotherForInNestedIn"/>
  <testcase time="0" classname="org.brackit.xquery.expr.FLWORTest" name="simpleLetExpr"/>
  <testcase time="0.002" classname="org.brackit.xquery.expr.FLWORTest" name="sequenceOfLetExpressions"/>
  <testcase time="0.003" classname="org.brackit.xquery.expr.FLWORTest" name="sequenceOfLetAndForExpressions"/>
  <testcase time="0.001" classname="org.brackit.xquery.expr.FLWORTest" name="forWithIllegalOrderByOnMixedData"/>
</testsuite>