<?xml version="1.0" encoding="UTF-8" ?>
<testsuite failures="0" time="0.064" errors="0" skipped="0" tests="11" name="org.brackit.xquery.node.d2linked.D2NodeAxisTest">
  <properties>
[...]
</properties>
  <testcase time="0.016" classname="org.brackit.xquery.node.d2linked.D2NodeAxisTest" name="testRootElementChildren"/>
  <testcase time="0.007" classname="org.brackit.xquery.node.d2linked.D2NodeAxisTest" name="testCmp"/>
  <testcase time="0.002" classname="org.brackit.xquery.node.d2linked.D2NodeAxisTest" name="testNonRootElementChildren"/>
  <testcase time="0.004" classname="org.brackit.xquery.node.d2linked.D2NodeAxisTest" name="testRootFollowing"/>
  <testcase time="0.001" classname="org.brackit.xquery.node.d2linked.D2NodeAxisTest" name="testNonRootFollowing"/>
  <testcase time="0.002" classname="org.brackit.xquery.node.d2linked.D2NodeAxisTest" name="testRootPreceding"/>
  <testcase time="0.003" classname="org.brackit.xquery.node.d2linked.D2NodeAxisTest" name="testNonRootPreceding"/>
  <testcase time="0.003" classname="org.brackit.xquery.node.d2linked.D2NodeAxisTest" name="testRootPrecedingSibling"/>
  <testcase time="0.002" classname="org.brackit.xquery.node.d2linked.D2NodeAxisTest" name="testNonRootPrecedingSibling"/>
  <testcase time="0.01" classname="org.brackit.xquery.node.d2linked.D2NodeAxisTest" name="testRootFollowingSibling"/>
  <testcase time="0.002" classname="org.brackit.xquery.node.d2linked.D2NodeAxisTest" name="testNonRootFollowingSibling"/>
</testsuite>