<?xml version="1.0" encoding="UTF-8" ?>
<testsuite failures="0" time="0.033" errors="0" skipped="0" tests="30" name="org.brackit.xquery.expr.DirConstructorTest">
  <properties>
[...]
</properties>
  <testcase time="0" classname="org.brackit.xquery.expr.DirConstructorTest" name="dirAttributeContent1"/>
  <testcase time="0" classname="org.brackit.xquery.expr.DirConstructorTest" name="dirAttributeContent2"/>
  <testcase time="0" classname="org.brackit.xquery.expr.DirConstructorTest" name="dirAttributeContent3"/>
  <testcase time="0.002" classname="org.brackit.xquery.expr.DirConstructorTest" name="dirAttributeContent4"/>
  <testcase time="0.004" classname="org.brackit.xquery.expr.DirConstructorTest" name="dirElementContent1"/>
  <testcase time="0" classname="org.brackit.xquery.expr.DirConstructorTest" name="dirElementContent2"/>
  <testcase time="0" classname="org.brackit.xquery.expr.DirConstructorTest" name="dirElementContent3"/>
  <testcase time="0" classname="org.brackit.xquery.expr.DirConstructorTest" name="dirElementContent4"/>
  <testcase time="0" classname="org.brackit.xquery.expr.DirConstructorTest" name="dirElementContent5"/>
  <testcase time="0" classname="org.brackit.xquery.expr.DirConstructorTest" name="dirElementContent6a"/>
  <testcase time="0.002" classname="org.brackit.xquery.expr.DirConstructorTest" name="dirElementContent6b"/>
  <testcase time="0.008" classname="org.brackit.xquery.expr.DirConstructorTest" name="boundarySpaceStrip"/>
  <testcase time="0" classname="org.brackit.xquery.expr.DirConstructorTest" name="directElementExpr"/>
  <testcase time="0" classname="org.brackit.xquery.expr.DirConstructorTest" name="directElementExprWithEmptyAttribute"/>
  <testcase time="0" classname="org.brackit.xquery.expr.DirConstructorTest" name="directElementExprWithAttribute"/>
  <testcase time="0" classname="org.brackit.xquery.expr.DirConstructorTest" name="directElementExprWithAttributeAndComputedValue"/>
  <testcase time="0" classname="org.brackit.xquery.expr.DirConstructorTest" name="directElementExprWith2Attributes"/>
  <testcase time="0" classname="org.brackit.xquery.expr.DirConstructorTest" name="directElementExprWith2AttributesAndComputedValue"/>
  <testcase time="0" classname="org.brackit.xquery.expr.DirConstructorTest" name="directElementExprWithText"/>
  <testcase time="0" classname="org.brackit.xquery.expr.DirConstructorTest" name="directElementExprWithChildren"/>
  <testcase time="0" classname="org.brackit.xquery.expr.DirConstructorTest" name="directElementExprWithComputedContent"/>
  <testcase time="0" classname="org.brackit.xquery.expr.DirConstructorTest" name="directElementExprWithComputedSequenceContent"/>
  <testcase time="0.001" classname="org.brackit.xquery.expr.DirConstructorTest" name="nesteddirectElementExprInSequence"/>
  <testcase time="0.001" classname="org.brackit.xquery.expr.DirConstructorTest" name="boundarySpace1"/>
  <testcase time="0.001" classname="org.brackit.xquery.expr.DirConstructorTest" name="boundarySpace2"/>
  <testcase time="0" classname="org.brackit.xquery.expr.DirConstructorTest" name="boundarySpace3"/>
  <testcase time="0" classname="org.brackit.xquery.expr.DirConstructorTest" name="boundarySpace4"/>
  <testcase time="0.001" classname="org.brackit.xquery.expr.DirConstructorTest" name="boundarySpace5"/>
  <testcase time="0.001" classname="org.brackit.xquery.expr.DirConstructorTest" name="boundarySpace6"/>
  <testcase time="0.001" classname="org.brackit.xquery.expr.DirConstructorTest" name="elementWithNamespace"/>
</testsuite>